<?xml version="1.0" encoding="UTF-8"?>
<!-- Generated by org.testng.reporters.JUnitXMLReporter -->
<testsuite hostname="Admins-MacBook-Pro-2.local" ignored="0" name="Default test" tests="3" failures="0" timestamp="2021-05-08T17:33:35 IST" time="0.038" errors="0">
  <testcase name="test01" time="0.006" classname="com.test.basics.DataProviderTest"/>
  <testcase name="test01" time="0.001" classname="com.test.basics.DataProviderTest"/>
  <testcase name="test01" time="0.001" classname="com.test.basics.DataProviderTest"/>
</testsuite> <!-- Default test -->
