<?xml version="1.0" encoding="UTF-8"?>
<!-- Generated by org.testng.reporters.JUnitXMLReporter -->
<testsuite hostname="Admins-MacBook-Pro-2.local" ignored="0" name="DataProviderTest" tests="3" failures="0" timestamp="2021-05-08T19:57:36 IST" time="0.03" errors="0">
  <testcase name="test01" time="0.004" classname="com.test.basics.DataProviderTest"/>
  <testcase name="test01" time="0.001" classname="com.test.basics.DataProviderTest"/>
  <testcase name="test01" time="0.0" classname="com.test.basics.DataProviderTest"/>
</testsuite> <!-- DataProviderTest -->
