<?xml version="1.0" encoding="UTF-8"?>
<!-- Generated by org.testng.reporters.JUnitXMLReporter -->
<testsuite hostname="Admins-MacBook-Pro-2.local" ignored="0" name="Home Loan" tests="3" failures="0" timestamp="2021-05-08T20:07:12 IST" time="0.03" errors="0">
  <testcase name="homeLogin" time="0.004" classname="com.test.basics.HomeLoan"/>
  <testcase name="homeLogout" time="0.002" classname="com.test.basics.HomeLoan"/>
  <testcase name="homeSignUp" time="0.0" classname="com.test.basics.HomeLoan"/>
</testsuite> <!-- Home Loan -->
