<?xml version="1.0" encoding="UTF-8"?>
<!-- Generated by org.testng.reporters.JUnitXMLReporter -->
<testsuite hostname="Admins-MacBook-Pro-2.local" ignored="1" name="Personal Loan" tests="7" failures="0" timestamp="2021-05-08T20:07:12 IST" time="0.035" errors="0">
  <testcase name="demoTest" time="0.004" classname="com.test.basics.FirstProgram"/>
  <testcase name="demoTest" time="0.005" classname="com.test.basics.SecondProgram"/>
  <testcase name="demoTestAnother" time="0.001" classname="com.test.basics.SecondProgram"/>
  <testcase name="demoTestAnother" time="0.001" classname="com.test.basics.FirstProgram"/>
  <testcase name="parameterizationTest" time="0.001" classname="com.test.basics.ThirdProgram"/>
  <testcase name="webLogin" time="0.001" classname="com.test.basics.ThirdProgram"/>
  <testcase name="apiLogin" time="0.001" classname="com.test.basics.ThirdProgram"/>
  <testcase name="mobileLogin" time="0.0" classname="com.test.basics.ThirdProgram">
    <ignored/>
  </testcase> <!-- mobileLogin -->
</testsuite> <!-- Personal Loan -->
