<?xml version="1.0" encoding="UTF-8"?>
<!-- Generated by org.testng.reporters.JUnitXMLReporter -->
<testsuite hostname="Admins-MacBook-Pro-2.local" ignored="6" name="Regression" tests="4" failures="0" timestamp="2021-05-08T12:36:58 IST" time="0.048" errors="0">
  <testcase name="demoTestAnother" time="0.006" classname="com.test.basics.FirstProgram"/>
  <testcase name="demoTest" time="0.001" classname="com.test.basics.SecondProgram"/>
  <testcase name="webLogin" time="0.0" classname="com.test.basics.ThirdProgram"/>
  <testcase name="homeLogin" time="0.001" classname="com.test.basics.HomeLoan"/>
  <testcase name="homeLogout" time="0.0" classname="com.test.basics.HomeLoan">
    <ignored/>
  </testcase> <!-- homeLogout -->
  <testcase name="apiLogin" time="0.0" classname="com.test.basics.ThirdProgram">
    <ignored/>
  </testcase> <!-- apiLogin -->
  <testcase name="mobileLogin" time="0.0" classname="com.test.basics.ThirdProgram">
    <ignored/>
  </testcase> <!-- mobileLogin -->
  <testcase name="demoTestAnother" time="0.0" classname="com.test.basics.SecondProgram">
    <ignored/>
  </testcase> <!-- demoTestAnother -->
  <testcase name="demoTest" time="0.0" classname="com.test.basics.FirstProgram">
    <ignored/>
  </testcase> <!-- demoTest -->
  <testcase name="homeSignUp" time="0.0" classname="com.test.basics.HomeLoan">
    <ignored/>
  </testcase> <!-- homeSignUp -->
</testsuite> <!-- Regression -->
