<?xml version="1.0" encoding="UTF-8"?>
<testng-results skipped="0" failed="0" ignored="0" total="1" passed="1">
  <reporter-output>
  </reporter-output>
  <suite name="Default suite" duration-ms="37" started-at="2021-05-07T10:01:50 IST" finished-at="2021-05-07T10:01:50 IST">
    <groups>
    </groups>
    <test name="Default test" duration-ms="37" started-at="2021-05-07T10:01:50 IST" finished-at="2021-05-07T10:01:50 IST">
      <class name="com.test.basics.FirstProgram">
        <test-method status="PASS" signature="demoTest()[pri:0, instance:com.test.basics.FirstProgram@7fac631b]" name="demoTest" duration-ms="7" started-at="2021-05-07T10:01:50 IST" finished-at="2021-05-07T10:01:50 IST">
          <reporter-output>
          </reporter-output>
        </test-method> <!-- demoTest -->
      </class> <!-- com.test.basics.FirstProgram -->
    </test> <!-- Default test -->
  </suite> <!-- Default suite -->
</testng-results>
